|..
|.. |..
|.. |.. |..
|.. |.. |.. |..  0.36   [ 4.23, 111.00,  0.00, 79.27,  2.00, 2425.46, 18.24, 32.69]
|.. |.. |.. |..  0.47   [ 4.00, 130.36,  0.00, 79.32,  1.00, 2503.08, 15.51, 28.80]
|.. |.. |..
|.. |.. |.. |..  0.48   [ 4.19, 108.54,  0.00, 76.08,  2.00, 2449.27, 15.67, 26.54]
|.. |.. |.. |..  0.45   [ 4.00, 105.00,  0.00, 71.96,  2.00, 2317.62, 16.79, 26.25]
|.. |..
|.. |.. |..
|.. |.. |.. |..  0.39   [ 4.15, 105.23,  0.00, 80.81,  3.00, 2220.46, 16.15, 33.46]
|.. |.. |.. |..  0.43   [ 4.17, 126.83,  0.00, 81.79,  1.00, 2538.13, 16.39, 30.83]
|.. |.. |..
|.. |.. |.. |..  0.47   [ 4.08, 101.36,  0.00, 72.84,  3.00, 2240.12, 16.10, 25.60]
|.. |.. |.. |..  0.4    [ 3.92, 94.42,  0.00, 77.92,  3.00, 2128.62, 16.69, 31.25]
|..
|.. |..
|.. |.. |..
|.. |.. |.. |..  0.49   [ 4.38, 137.87,  0.00, 73.46,  1.00, 2504.69, 16.72, 24.23]
|.. |.. |.. |..  0.59   [ 6.00, 232.04,  0.00, 72.24,  1.00, 3148.36, 15.98, 20.00]
|.. |.. |..
|.. |.. |.. |..  0.56   [ 6.24, 221.40,  0.00, 79.40,  1.00, 3213.84, 16.28, 22.00]
|.. |.. |.. |..  0.58   [ 6.17, 242.04,  0.00, 76.12,  1.00, 3405.46, 17.36, 20.00]
|.. |..
|.. |.. |..
|.. |.. |.. |..  0.71   [ 8.00, 335.04,  0.00, 77.65,  1.00, 3981.31, 13.61, 18.85]
|.. |.. |.. |..  0.77   [ 8.00, 324.17,  0.00, 74.08,  1.00, 4098.00, 13.37, 14.17]
|.. |.. |..
|.. |.. |.. |..  0.78   [ 8.00, 327.76,  0.00, 71.28,  1.00, 4057.60, 12.84, 13.20]
|.. |.. |.. |..  0.86   [ 8.00, 413.13,  0.00, 71.35,  1.00, 4449.35, 11.02, 12.17]

                 0.54   [ 5.45, 193.43,  0.00, 76.01,  1.00, 2970.42, 15.57, 23.84]
                 _      ['Clndrs', 'Volume', 'HpX', 'Model', 'origin', 'Lbs-', 'Acc+', 'Mpg+']
16
✅ PASS tree