1. top6  [[1800.00, 16.40, 40.00], [2220.00, 16.90, 30.00], [3850.00,  8.50, 20.00], [1867.00, 19.50, 30.00], [3150.00, 15.70, 20.00], [2401.00, 19.50, 20.00]]
1. top6  [[2904.00, 16.00, 20.00], [1985.00, 19.40, 30.00], [3880.00, 12.50, 20.00], [2660.00, 14.00, 20.00], [2720.00, 19.40, 30.00], [2125.00, 14.50, 30.00]]
1. top6  [[2506.00, 14.50, 20.00], [2634.00, 13.00, 20.00], [3645.00, 16.20, 20.00], [3302.00, 15.50, 20.00], [3781.00, 17.00, 20.00], [3211.00, 17.00, 20.00]]
1. top6  [[1985.00, 19.40, 30.00], [2120.00, 15.50, 30.00], [2900.00, 12.60, 30.00], [2219.00, 16.50, 30.00], [3820.00, 16.70, 20.00], [2100.00, 16.50, 30.00]]
1. top6  [[4360.00, 14.90, 20.00], [2245.00, 16.90, 30.00], [1836.00, 21.00, 30.00], [4638.00, 16.00, 10.00], [2640.00, 18.60, 30.00], [2671.00, 13.50, 30.00]]
1. top6  [[2965.00, 15.80, 20.00], [2126.00, 17.00, 30.00], [2190.00, 14.20, 30.00], [4237.00, 14.50, 10.00], [3870.00, 15.00, 10.00], [4278.00,  9.50, 20.00]]
1. top6  [[3725.00, 13.40, 20.00], [2556.00, 13.20, 30.00], [1937.00, 14.00, 30.00], [2200.00, 13.20, 30.00], [3264.00, 16.00, 20.00], [2575.00, 16.20, 30.00]]
1. top6  [[4425.00, 10.00, 10.00], [2890.00, 17.30, 20.00], [4363.00, 13.00, 10.00], [2600.00, 12.80, 20.00], [2755.00, 15.80, 30.00], [3139.00, 14.50, 20.00]]
1. top6  [[3169.00, 12.00, 10.00], [1968.00, 18.80, 40.00], [2245.00, 16.90, 30.00], [2472.00, 14.00, 20.00], [2035.00, 22.20, 30.00], [3205.00, 11.20, 20.00]]
1. top6  [[1975.00, 15.20, 30.00], [3270.00, 21.90, 20.00], [2670.00, 15.00, 30.00], [2660.00, 14.00, 20.00], [2155.00, 14.80, 30.00], [1836.00, 21.00, 30.00]]
1. top6  [[2380.00, 20.70, 30.00], [3365.00, 15.50, 20.00], [1867.00, 19.50, 30.00], [2420.00, 12.50, 20.00], [4129.00, 13.00, 10.00], [2807.00, 13.50, 20.00]]
1. top6  [[2702.00, 13.50, 20.00], [4082.00, 13.00, 20.00], [4668.00, 11.50, 20.00], [2434.00, 15.00, 40.00], [2288.00, 17.00, 30.00], [4464.00, 11.50, 10.00]]
1. top6  [[2164.00, 22.10, 20.00], [2220.00, 14.00, 20.00], [1985.00, 21.50, 40.00], [3535.00, 19.20, 20.00], [2600.00, 12.80, 20.00], [3288.00, 15.50, 20.00]]
1. top6  [[2933.00, 14.50, 20.00], [1755.00, 16.90, 40.00], [4422.00, 12.50, 10.00], [2200.00, 13.20, 30.00], [4699.00, 14.50, 10.00], [2202.00, 15.30, 30.00]]
1. top6  [[2300.00, 14.50, 30.00], [3821.00, 11.00, 10.00], [2420.00, 12.50, 20.00], [2490.00, 15.70, 30.00], [2670.00, 16.00, 30.00], [2789.00, 15.00, 20.00]]
1. top6  [[3870.00, 15.00, 10.00], [2265.00, 18.20, 30.00], [2370.00, 13.00, 40.00], [2720.00, 19.40, 30.00], [2625.00, 18.60, 30.00], [2202.00, 15.30, 30.00]]
1. top6  [[1975.00, 19.40, 40.00], [1975.00, 15.20, 30.00], [2800.00, 14.40, 30.00], [2135.00, 16.60, 30.00], [4457.00, 13.50, 10.00], [2635.00, 18.30, 30.00]]
1. top6  [[2545.00, 17.00, 20.00], [2720.00, 19.40, 30.00], [4257.00, 15.50, 10.00], [1800.00, 14.40, 40.00], [2391.00, 15.50, 30.00], [3211.00, 17.00, 20.00]]
1. top6  [[2472.00, 14.00, 20.00], [3693.00, 11.50, 20.00], [2219.00, 16.50, 30.00], [3381.00, 18.70, 20.00], [2700.00, 12.90, 30.00], [3003.00, 20.10, 20.00]]
1. top6  [[3410.00, 15.10, 20.00], [4237.00, 14.50, 10.00], [2634.00, 13.00, 20.00], [2255.00, 17.70, 30.00], [1836.00, 21.00, 30.00], [4380.00, 12.10, 20.00]]

2. top50 [[1800.00, 16.40, 40.00], [2220.00, 16.90, 30.00], [3850.00,  8.50, 20.00], [1867.00, 19.50, 30.00], [3150.00, 15.70, 20.00], [2401.00, 19.50, 20.00], [2890.00, 17.30, 20.00], [3465.00, 16.60, 20.00], [2190.00, 14.10, 30.00], [2300.00, 15.50, 30.00], [2957.00, 17.00, 20.00], [1836.00, 21.00, 30.00], [2003.00, 19.00, 30.00], [1985.00, 19.40, 30.00], [4209.00, 12.00, 10.00], [1937.00, 14.00, 30.00], [2420.00, 12.50, 20.00], [2585.00, 14.50, 30.00], [4699.00, 14.50, 10.00], [2901.00, 16.00, 20.00], [1950.00, 21.00, 30.00], [2074.00, 19.50, 30.00], [3425.00, 13.20, 20.00], [3190.00, 24.80, 30.00], [2875.00, 17.00, 20.00], [4952.00, 11.50, 10.00], [3459.00, 16.00, 20.00], [1945.00, 16.80, 30.00], [3039.00, 15.00, 20.00], [3158.00, 19.50, 20.00], [2930.00, 13.80, 20.00], [3360.00, 16.60, 20.00], [4055.00, 12.00, 10.00], [4165.00, 11.40, 20.00], [4668.00, 11.50, 20.00], [4215.00, 13.00, 20.00], [4129.00, 13.00, 10.00], [2700.00, 12.90, 30.00], [1990.00, 17.00, 30.00], [4955.00, 11.50, 10.00], [3609.00,  8.00, 10.00], [4906.00, 12.50, 10.00], [2464.00, 15.50, 30.00], [3278.00, 18.00, 20.00], [4237.00, 14.50, 10.00], [2678.00, 16.50, 30.00], [2835.00, 14.70, 20.00], [2130.00, 14.70, 40.00], [3821.00, 11.00, 10.00], [3449.00, 10.50, 20.00]]
2. top50 [[2904.00, 16.00, 20.00], [1985.00, 19.40, 30.00], [3880.00, 12.50, 20.00], [2660.00, 14.00, 20.00], [2720.00, 19.40, 30.00], [2125.00, 14.50, 30.00], [2210.00, 14.40, 30.00], [2945.00, 16.00, 20.00], [4312.00,  8.50, 10.00], [4190.00, 13.00, 20.00], [4098.00, 14.00, 10.00], [3282.00, 15.00, 20.00], [3205.00, 11.20, 20.00], [2330.00, 13.50, 20.00], [2074.00, 19.50, 30.00], [2556.00, 13.20, 30.00], [3035.00, 20.50, 20.00], [4154.00, 13.50, 10.00], [1613.00, 18.00, 40.00], [4274.00, 12.00, 10.00], [2515.00, 14.80, 20.00], [1950.00, 21.00, 30.00], [3288.00, 15.50, 20.00], [2635.00, 18.30, 30.00], [2945.00, 14.50, 20.00], [3940.00, 13.00, 20.00], [2401.00, 19.50, 20.00], [4499.00, 12.50, 10.00], [3755.00, 14.00, 10.00], [2380.00, 20.70, 30.00], [3250.00, 21.80, 30.00], [2065.00, 14.50, 30.00], [2585.00, 14.50, 30.00], [4220.00, 11.10, 20.00], [2600.00, 12.80, 20.00], [2226.00, 16.50, 20.00], [2264.00, 15.50, 30.00], [2190.00, 14.20, 30.00], [4456.00, 13.50, 10.00], [4077.00, 14.00, 10.00], [3785.00, 19.00, 20.00], [2228.00, 14.00, 30.00], [2126.00, 17.00, 30.00], [2070.00, 18.60, 40.00], [2130.00, 24.60, 40.00], [2965.00, 15.80, 20.00], [2789.00, 15.00, 20.00], [4054.00, 14.30, 20.00], [3613.00, 16.50, 20.00], [2434.00, 15.00, 40.00]]
2. top50 [[2506.00, 14.50, 20.00], [2634.00, 13.00, 20.00], [3645.00, 16.20, 20.00], [3302.00, 15.50, 20.00], [3781.00, 17.00, 20.00], [3211.00, 17.00, 20.00], [2125.00, 17.30, 40.00], [4382.00, 13.50, 10.00], [4456.00, 13.50, 10.00], [2702.00, 13.50, 20.00], [3329.00, 15.50, 20.00], [2833.00, 15.50, 20.00], [3039.00, 15.00, 20.00], [3530.00, 20.10, 30.00], [2660.00, 14.00, 20.00], [3880.00, 12.50, 20.00], [1925.00, 14.00, 30.00], [2587.00, 16.00, 20.00], [2945.00, 14.50, 20.00], [4657.00, 13.50, 10.00], [3415.00, 15.80, 20.00], [2962.00, 13.50, 20.00], [4499.00, 12.50, 10.00], [2890.00, 17.30, 20.00], [2671.00, 13.50, 30.00], [2600.00, 12.80, 20.00], [1937.00, 14.20, 30.00], [2434.00, 15.00, 40.00], [3955.00, 13.20, 20.00], [3725.00, 19.00, 30.00], [2295.00, 11.60, 30.00], [4055.00, 12.00, 10.00], [2401.00, 19.50, 20.00], [2945.00, 16.40, 30.00], [3270.00, 21.90, 20.00], [2957.00, 17.00, 20.00], [4440.00, 14.00, 20.00], [2223.00, 16.50, 30.00], [2320.00, 15.80, 30.00], [2620.00, 14.40, 30.00], [2745.00, 16.70, 20.00], [3425.00, 16.90, 20.00], [3210.00, 17.20, 20.00], [2385.00, 12.90, 30.00], [3060.00, 17.10, 20.00], [2155.00, 16.40, 30.00], [3365.00, 15.50, 20.00], [2900.00, 12.60, 30.00], [1800.00, 16.40, 40.00], [3525.00, 19.00, 20.00]]
2. top50 [[1985.00, 19.40, 30.00], [2120.00, 15.50, 30.00], [2900.00, 12.60, 30.00], [2219.00, 16.50, 30.00], [3820.00, 16.70, 20.00], [2100.00, 16.50, 30.00], [1800.00, 16.40, 40.00], [4363.00, 13.00, 10.00], [2075.00, 15.90, 30.00], [2202.00, 15.30, 30.00], [4699.00, 14.50, 10.00], [2930.00, 13.80, 20.00], [3672.00, 11.50, 20.00], [4190.00, 13.00, 20.00], [2835.00, 14.70, 20.00], [4257.00, 15.50, 10.00], [2130.00, 14.50, 30.00], [3039.00, 15.00, 20.00], [2620.00, 14.40, 30.00], [3955.00, 13.20, 20.00], [1975.00, 15.20, 30.00], [3360.00, 16.60, 20.00], [1985.00, 16.00, 30.00], [2905.00, 14.30, 20.00], [2930.00, 15.50, 20.00], [2725.00, 12.60, 20.00], [2210.00, 14.40, 30.00], [4141.00, 14.00, 20.00], [3449.00, 10.50, 20.00], [4077.00, 14.00, 10.00], [1925.00, 14.00, 30.00], [2395.00, 16.00, 20.00], [2223.00, 16.50, 30.00], [2320.00, 15.80, 30.00], [2290.00, 17.00, 30.00], [2050.00, 17.30, 40.00], [1975.00, 19.40, 40.00], [2126.00, 17.00, 30.00], [4312.00,  8.50, 10.00], [2379.00, 16.50, 20.00], [2671.00, 13.50, 30.00], [3210.00, 17.20, 20.00], [2950.00, 17.30, 30.00], [4906.00, 12.50, 10.00], [2451.00, 16.50, 30.00], [2740.00, 16.00, 20.00], [3504.00, 12.00, 20.00], [2678.00, 16.50, 30.00], [2582.00, 14.00, 20.00], [2511.00, 18.00, 20.00]]
2. top50 [[4360.00, 14.90, 20.00], [2245.00, 16.90, 30.00], [1836.00, 21.00, 30.00], [4638.00, 16.00, 10.00], [2640.00, 18.60, 30.00], [2671.00, 13.50, 30.00], [2265.00, 15.50, 30.00], [2155.00, 14.80, 30.00], [2075.00, 15.90, 30.00], [4499.00, 12.50, 10.00], [2525.00, 16.00, 30.00], [2670.00, 16.00, 30.00], [2702.00, 13.50, 20.00], [2200.00, 13.20, 30.00], [3432.00, 21.00, 20.00], [2226.00, 16.50, 20.00], [4906.00, 12.50, 10.00], [2234.00, 12.50, 30.00], [2634.00, 13.00, 20.00], [2605.00, 19.60, 30.00], [3365.00, 15.50, 20.00], [3233.00, 15.40, 20.00], [3158.00, 19.50, 20.00], [4215.00, 12.80, 10.00], [2990.00, 18.20, 20.00], [2635.00, 16.40, 30.00], [3449.00, 10.50, 20.00], [4325.00, 12.20, 20.00], [4257.00, 15.50, 10.00], [3265.00, 18.20, 20.00], [2815.00, 14.50, 20.00], [2254.00, 23.50, 20.00], [1825.00, 12.20, 30.00], [2945.00, 16.00, 20.00], [4654.00, 13.00, 10.00], [2625.00, 18.60, 30.00], [1950.00, 19.00, 30.00], [4502.00, 13.50, 10.00], [4952.00, 11.50, 10.00], [2130.00, 14.70, 40.00], [4341.00, 10.00, 20.00], [1760.00, 16.10, 40.00], [3988.00, 13.00, 10.00], [3530.00, 20.10, 30.00], [3820.00, 16.70, 20.00], [3664.00, 11.00, 10.00], [1945.00, 16.80, 30.00], [1955.00, 20.50, 30.00], [2145.00, 18.00, 30.00], [3821.00, 11.00, 10.00]]
2. top50 [[2965.00, 15.80, 20.00], [2126.00, 17.00, 30.00], [2190.00, 14.20, 30.00], [4237.00, 14.50, 10.00], [3870.00, 15.00, 10.00], [4278.00,  9.50, 20.00], [2228.00, 14.00, 30.00], [3755.00, 14.00, 10.00], [2945.00, 16.40, 30.00], [1613.00, 18.00, 40.00], [2720.00, 15.40, 30.00], [2984.00, 14.50, 20.00], [3425.00, 13.20, 20.00], [2875.00, 17.00, 20.00], [3410.00, 15.10, 20.00], [2962.00, 13.50, 20.00], [3781.00, 17.00, 20.00], [2702.00, 13.50, 20.00], [3193.00, 17.80, 20.00], [2164.00, 15.00, 30.00], [2155.00, 14.80, 30.00], [1845.00, 15.30, 30.00], [2065.00, 17.80, 30.00], [4456.00, 13.50, 10.00], [2910.00, 11.40, 30.00], [2405.00, 14.90, 20.00], [2904.00, 16.00, 20.00], [2990.00, 18.20, 20.00], [3672.00, 11.50, 20.00], [3897.00, 18.50, 20.00], [3160.00, 19.60, 30.00], [2789.00, 15.00, 20.00], [1825.00, 18.60, 40.00], [3278.00, 18.00, 20.00], [1970.00, 17.60, 30.00], [4257.00, 15.50, 10.00], [2634.00, 13.00, 20.00], [2200.00, 13.20, 30.00], [1925.00, 14.00, 30.00], [2145.00, 18.00, 30.00], [2220.00, 16.90, 30.00], [2120.00, 15.50, 30.00], [4165.00, 11.40, 20.00], [2300.00, 14.70, 30.00], [2945.00, 14.50, 20.00], [3399.00, 11.00, 20.00], [3530.00, 20.10, 30.00], [4502.00, 13.50, 10.00], [1773.00, 19.00, 30.00], [2600.00, 12.80, 20.00]]
2. top50 [[3725.00, 13.40, 20.00], [2556.00, 13.20, 30.00], [1937.00, 14.00, 30.00], [2200.00, 13.20, 30.00], [3264.00, 16.00, 20.00], [2575.00, 16.20, 30.00], [3430.00, 17.20, 20.00], [3139.00, 14.50, 20.00], [2385.00, 12.90, 30.00], [2930.00, 13.80, 20.00], [2155.00, 14.80, 30.00], [2634.00, 13.00, 20.00], [2720.00, 19.40, 30.00], [2372.00, 15.00, 20.00], [2430.00, 14.50, 20.00], [4464.00, 12.00, 10.00], [2045.00, 16.20, 30.00], [4335.00, 14.50, 20.00], [2046.00, 19.00, 30.00], [2901.00, 16.00, 20.00], [3381.00, 18.70, 20.00], [2464.00, 15.50, 30.00], [2401.00, 19.50, 20.00], [2234.00, 12.50, 30.00], [3425.00, 13.20, 20.00], [2711.00, 15.50, 30.00], [2620.00, 14.40, 30.00], [4499.00, 12.50, 10.00], [3880.00, 12.50, 20.00], [3820.00, 16.70, 20.00], [2950.00, 17.30, 30.00], [1867.00, 19.50, 30.00], [2288.00, 17.00, 30.00], [2639.00, 17.00, 20.00], [2125.00, 14.70, 40.00], [3353.00, 14.50, 20.00], [2735.00, 18.00, 30.00], [2164.00, 15.00, 30.00], [3850.00,  8.50, 20.00], [2074.00, 19.50, 30.00], [2910.00, 11.40, 30.00], [4077.00, 14.00, 10.00], [2350.00, 16.80, 30.00], [4457.00, 13.50, 10.00], [2800.00, 14.40, 30.00], [2868.00, 15.50, 20.00], [1975.00, 19.40, 40.00], [4382.00, 13.50, 10.00], [3830.00, 15.20, 20.00], [3140.00, 13.60, 20.00]]
2. top50 [[4425.00, 10.00, 10.00], [2890.00, 17.30, 20.00], [4363.00, 13.00, 10.00], [2600.00, 12.80, 20.00], [2755.00, 15.80, 30.00], [3139.00, 14.50, 20.00], [4440.00, 14.00, 20.00], [3830.00, 15.20, 20.00], [2372.00, 15.00, 20.00], [2110.00, 19.20, 40.00], [3150.00, 15.70, 20.00], [2085.00, 21.70, 40.00], [2420.00, 12.50, 20.00], [4464.00, 11.50, 10.00], [2489.00, 15.00, 20.00], [3613.00, 16.50, 20.00], [3962.00, 13.90, 20.00], [3433.00, 12.00, 20.00], [4498.00, 14.50, 20.00], [4746.00, 12.00, 10.00], [2914.00, 16.00, 20.00], [3988.00, 13.00, 10.00], [2648.00, 15.00, 20.00], [4955.00, 11.50, 10.00], [2126.00, 17.00, 30.00], [1990.00, 17.00, 30.00], [2560.00, 14.20, 30.00], [2795.00, 15.70, 20.00], [2678.00, 16.50, 30.00], [4657.00, 13.50, 10.00], [3632.00, 18.00, 20.00], [4274.00, 12.00, 10.00], [2950.00, 17.30, 30.00], [2025.00, 18.20, 40.00], [4141.00, 14.00, 20.00], [2145.00, 18.00, 30.00], [2933.00, 14.50, 20.00], [3465.00, 16.60, 20.00], [2155.00, 16.50, 30.00], [3907.00, 21.00, 20.00], [2855.00, 17.60, 20.00], [3574.00, 21.00, 20.00], [2254.00, 23.50, 20.00], [3821.00, 11.00, 10.00], [4638.00, 16.00, 10.00], [2190.00, 14.20, 30.00], [1985.00, 16.40, 30.00], [2135.00, 16.60, 30.00], [4457.00, 13.50, 10.00], [4060.00, 19.00, 20.00]]
2. top50 [[3169.00, 12.00, 10.00], [1968.00, 18.80, 40.00], [2245.00, 16.90, 30.00], [2472.00, 14.00, 20.00], [2035.00, 22.20, 30.00], [3205.00, 11.20, 20.00], [3504.00, 12.00, 20.00], [2110.00, 17.90, 50.00], [3365.00, 15.50, 20.00], [2045.00, 18.50, 30.00], [2665.00, 13.90, 30.00], [2145.00, 18.00, 30.00], [3245.00, 15.40, 20.00], [1965.00, 15.70, 30.00], [2408.00, 19.00, 20.00], [2430.00, 14.50, 20.00], [1937.00, 14.20, 30.00], [3288.00, 15.50, 20.00], [3086.00, 10.00, 10.00], [2950.00, 17.30, 30.00], [3620.00, 18.70, 20.00], [2135.00, 16.60, 30.00], [2202.00, 15.30, 30.00], [4215.00, 13.00, 20.00], [3840.00, 15.40, 20.00], [2300.00, 14.50, 30.00], [3445.00, 13.40, 20.00], [2160.00, 14.50, 40.00], [2205.00, 14.50, 40.00], [1965.00, 15.00, 40.00], [2720.00, 13.50, 20.00], [4657.00, 13.50, 10.00], [1975.00, 15.20, 30.00], [4077.00, 14.00, 10.00], [2123.00, 14.00, 30.00], [2545.00, 17.00, 20.00], [2220.00, 14.00, 20.00], [1845.00, 15.30, 30.00], [2255.00, 17.70, 30.00], [2051.00, 17.00, 30.00], [3988.00, 13.00, 10.00], [2735.00, 18.00, 30.00], [2890.00, 17.30, 20.00], [2019.00, 16.40, 40.00], [2835.00, 14.70, 20.00], [4278.00,  9.50, 20.00], [4376.00, 15.00, 10.00], [2085.00, 21.70, 40.00], [3430.00, 17.20, 20.00], [2957.00, 17.00, 20.00]]
2. top50 [[1975.00, 15.20, 30.00], [3270.00, 21.90, 20.00], [2670.00, 15.00, 30.00], [2660.00, 14.00, 20.00], [2155.00, 14.80, 30.00], [1836.00, 21.00, 30.00], [4098.00, 14.00, 10.00], [2575.00, 16.20, 30.00], [1755.00, 16.90, 40.00], [2464.00, 15.50, 30.00], [2310.00, 18.50, 20.00], [2945.00, 14.50, 20.00], [1850.00, 13.80, 40.00], [3850.00,  8.50, 20.00], [3840.00, 15.40, 20.00], [2585.00, 14.50, 30.00], [3265.00, 18.20, 20.00], [3574.00, 21.00, 20.00], [1760.00, 16.10, 40.00], [4257.00, 15.50, 10.00], [3777.00, 12.50, 20.00], [2110.00, 19.20, 40.00], [3365.00, 15.50, 20.00], [4165.00, 11.40, 20.00], [3645.00, 16.20, 20.00], [2130.00, 14.50, 30.00], [3302.00, 15.50, 20.00], [3955.00, 13.20, 20.00], [3282.00, 15.00, 20.00], [2035.00, 22.20, 30.00], [2110.00, 17.90, 50.00], [2490.00, 15.70, 30.00], [2755.00, 15.80, 30.00], [3193.00, 17.80, 20.00], [2279.00, 19.00, 20.00], [2625.00, 18.60, 30.00], [2288.00, 17.00, 30.00], [2171.00, 16.00, 30.00], [2635.00, 18.30, 30.00], [4654.00, 13.00, 10.00], [1613.00, 18.00, 40.00], [2130.00, 14.70, 40.00], [3278.00, 18.00, 20.00], [3570.00, 12.80, 20.00], [2789.00, 15.00, 20.00], [1925.00, 14.00, 30.00], [2300.00, 15.50, 30.00], [3897.00, 18.50, 20.00], [3425.00, 13.20, 20.00], [2155.00, 16.50, 30.00]]
2. top50 [[2380.00, 20.70, 30.00], [3365.00, 15.50, 20.00], [1867.00, 19.50, 30.00], [2420.00, 12.50, 20.00], [4129.00, 13.00, 10.00], [2807.00, 13.50, 20.00], [2587.00, 16.00, 20.00], [4499.00, 12.50, 10.00], [3630.00, 17.70, 20.00], [4215.00, 12.80, 10.00], [2795.00, 15.70, 20.00], [4363.00, 13.00, 10.00], [4141.00, 14.00, 20.00], [2678.00, 16.50, 30.00], [2254.00, 23.50, 20.00], [4165.00, 11.40, 20.00], [1985.00, 21.50, 40.00], [2085.00, 21.70, 40.00], [2125.00, 14.70, 40.00], [1985.00, 16.00, 30.00], [2300.00, 14.70, 30.00], [2155.00, 14.80, 30.00], [1937.00, 14.20, 30.00], [2130.00, 14.70, 40.00], [4502.00, 13.50, 10.00], [2965.00, 15.80, 20.00], [2933.00, 14.50, 20.00], [1825.00, 12.20, 30.00], [2164.00, 22.10, 20.00], [2145.00, 18.00, 30.00], [3436.00, 11.00, 20.00], [4190.00, 13.00, 20.00], [2160.00, 14.50, 40.00], [2694.00, 15.00, 20.00], [3381.00, 18.70, 20.00], [2592.00, 18.50, 20.00], [3761.00,  9.50, 20.00], [4464.00, 12.00, 10.00], [2672.00, 17.50, 30.00], [1937.00, 14.00, 30.00], [3336.00, 17.00, 20.00], [1995.00, 16.20, 40.00], [2434.00, 15.00, 40.00], [2245.00, 16.90, 30.00], [2957.00, 17.00, 20.00], [2542.00, 17.00, 30.00], [2565.00, 13.60, 30.00], [4055.00, 12.00, 10.00], [4096.00, 13.00, 10.00], [2660.00, 14.00, 20.00]]
2. top50 [[2702.00, 13.50, 20.00], [4082.00, 13.00, 20.00], [4668.00, 11.50, 20.00], [2434.00, 15.00, 40.00], [2288.00, 17.00, 30.00], [4464.00, 11.50, 10.00], [4906.00, 12.50, 10.00], [1995.00, 16.20, 40.00], [1613.00, 18.00, 40.00], [4209.00, 12.00, 10.00], [2807.00, 13.50, 20.00], [2870.00, 18.10, 30.00], [4732.00, 18.50, 10.00], [2615.00, 14.80, 30.00], [2833.00, 15.50, 20.00], [2933.00, 14.50, 20.00], [2745.00, 16.70, 20.00], [2542.00, 17.00, 30.00], [1970.00, 17.60, 30.00], [2046.00, 19.00, 30.00], [2665.00, 13.90, 30.00], [3574.00, 21.00, 20.00], [4382.00, 13.50, 10.00], [2164.00, 22.10, 20.00], [3415.00, 15.80, 20.00], [3940.00, 13.00, 20.00], [2065.00, 17.80, 30.00], [3158.00, 19.50, 20.00], [3210.00, 17.20, 20.00], [2155.00, 16.40, 30.00], [4237.00, 14.50, 10.00], [4215.00, 13.00, 20.00], [4657.00, 13.50, 10.00], [1985.00, 16.00, 30.00], [3169.00, 12.00, 10.00], [2020.00, 19.20, 30.00], [2556.00, 13.20, 30.00], [3525.00, 19.00, 20.00], [4385.00, 12.00, 10.00], [2560.00, 14.20, 30.00], [2600.00, 12.80, 20.00], [3735.00, 13.20, 20.00], [1963.00, 15.50, 30.00], [4376.00, 15.00, 10.00], [2901.00, 16.00, 20.00], [3264.00, 16.00, 20.00], [2506.00, 14.50, 20.00], [3535.00, 19.20, 20.00], [2660.00, 14.00, 20.00], [2215.00, 14.90, 30.00]]
2. top50 [[2164.00, 22.10, 20.00], [2220.00, 14.00, 20.00], [1985.00, 21.50, 40.00], [3535.00, 19.20, 20.00], [2600.00, 12.80, 20.00], [3288.00, 15.50, 20.00], [3735.00, 13.20, 20.00], [2003.00, 19.00, 30.00], [3410.00, 15.10, 20.00], [2700.00, 12.90, 30.00], [2155.00, 14.80, 30.00], [3897.00, 18.50, 20.00], [2587.00, 16.00, 20.00], [2542.00, 17.50, 30.00], [2901.00, 16.00, 20.00], [2190.00, 14.10, 30.00], [2930.00, 15.50, 20.00], [1825.00, 12.20, 30.00], [3620.00, 18.70, 20.00], [2670.00, 15.00, 30.00], [1963.00, 15.50, 30.00], [3365.00, 15.50, 20.00], [4080.00, 13.70, 20.00], [2395.00, 16.00, 20.00], [2620.00, 14.40, 30.00], [1937.00, 14.00, 30.00], [3693.00, 11.50, 20.00], [3962.00, 13.90, 20.00], [3150.00, 15.70, 20.00], [2625.00, 18.60, 30.00], [4325.00, 12.20, 20.00], [2330.00, 13.50, 20.00], [2110.00, 19.20, 40.00], [3420.00, 22.20, 20.00], [4060.00, 19.00, 20.00], [4096.00, 13.00, 10.00], [4425.00, 10.00, 10.00], [4190.00, 13.00, 20.00], [2246.00, 14.00, 30.00], [2506.00, 14.50, 20.00], [2572.00, 14.90, 30.00], [2295.00, 11.60, 30.00], [3190.00, 24.80, 30.00], [4498.00, 14.50, 20.00], [2046.00, 19.00, 30.00], [3230.00, 20.40, 30.00], [2592.00, 18.50, 20.00], [3761.00,  9.50, 20.00], [2245.00, 16.90, 30.00], [3830.00, 15.20, 20.00]]
2. top50 [[2933.00, 14.50, 20.00], [1755.00, 16.90, 40.00], [4422.00, 12.50, 10.00], [2200.00, 13.20, 30.00], [4699.00, 14.50, 10.00], [2202.00, 15.30, 30.00], [2278.00, 15.50, 20.00], [2635.00, 16.40, 30.00], [2694.00, 15.00, 20.00], [3870.00, 15.00, 10.00], [2130.00, 24.60, 40.00], [2700.00, 12.90, 30.00], [2556.00, 13.20, 30.00], [4274.00, 12.00, 10.00], [3410.00, 15.10, 20.00], [3003.00, 20.10, 20.00], [3150.00, 15.70, 20.00], [4746.00, 12.00, 10.00], [3693.00, 11.50, 20.00], [4464.00, 11.50, 10.00], [2755.00, 15.80, 30.00], [2000.00, 16.00, 30.00], [2582.00, 14.00, 20.00], [3210.00, 17.20, 20.00], [2125.00, 14.70, 40.00], [4312.00,  8.50, 10.00], [2395.00, 18.00, 30.00], [4215.00, 12.80, 10.00], [3060.00, 17.10, 20.00], [4425.00, 10.00, 10.00], [2385.00, 12.90, 30.00], [2046.00, 19.00, 30.00], [3525.00, 19.00, 20.00], [3755.00, 14.00, 10.00], [4325.00, 12.20, 20.00], [1955.00, 20.50, 30.00], [2135.00, 16.60, 30.00], [4382.00, 13.50, 10.00], [3070.00, 16.70, 20.00], [1836.00, 21.00, 30.00], [2408.00, 19.00, 20.00], [2865.00, 16.40, 20.00], [2670.00, 16.00, 30.00], [2300.00, 15.50, 30.00], [2164.00, 22.10, 20.00], [3630.00, 17.70, 20.00], [2789.00, 15.00, 20.00], [1975.00, 15.20, 30.00], [4906.00, 12.50, 10.00], [4060.00, 19.00, 20.00]]
2. top50 [[2300.00, 14.50, 30.00], [3821.00, 11.00, 10.00], [2420.00, 12.50, 20.00], [2490.00, 15.70, 30.00], [2670.00, 16.00, 30.00], [2789.00, 15.00, 20.00], [4257.00, 15.50, 10.00], [2155.00, 16.40, 30.00], [1825.00, 12.20, 30.00], [2774.00, 15.50, 20.00], [3250.00, 21.80, 30.00], [4735.00, 11.00, 10.00], [2795.00, 15.70, 20.00], [2910.00, 11.40, 30.00], [4657.00, 13.50, 10.00], [2515.00, 14.80, 20.00], [3139.00, 14.50, 20.00], [2870.00, 18.10, 30.00], [3430.00, 17.20, 20.00], [2957.00, 17.00, 20.00], [2035.00, 22.20, 30.00], [3645.00, 16.20, 20.00], [2123.00, 14.00, 30.00], [3121.00, 16.50, 20.00], [2100.00, 16.50, 30.00], [2310.00, 18.50, 20.00], [3830.00, 15.20, 20.00], [4312.00,  8.50, 10.00], [2300.00, 14.70, 30.00], [4464.00, 11.50, 10.00], [2740.00, 16.00, 20.00], [1937.00, 14.20, 30.00], [2585.00, 14.50, 30.00], [2130.00, 14.70, 40.00], [3449.00, 10.50, 20.00], [2745.00, 16.70, 20.00], [3039.00, 15.00, 20.00], [1800.00, 16.40, 40.00], [2130.00, 24.60, 40.00], [2464.00, 15.50, 30.00], [2379.00, 16.50, 20.00], [2914.00, 16.00, 20.00], [2019.00, 16.40, 40.00], [1975.00, 15.20, 30.00], [3425.00, 13.20, 20.00], [2202.00, 15.30, 30.00], [2228.00, 14.00, 30.00], [2051.00, 17.00, 30.00], [3086.00, 10.00, 10.00], [2190.00, 14.20, 30.00]]
2. top50 [[3870.00, 15.00, 10.00], [2265.00, 18.20, 30.00], [2370.00, 13.00, 40.00], [2720.00, 19.40, 30.00], [2625.00, 18.60, 30.00], [2202.00, 15.30, 30.00], [2855.00, 17.60, 20.00], [2123.00, 14.00, 30.00], [1915.00, 14.40, 40.00], [4237.00, 14.50, 10.00], [2965.00, 15.80, 20.00], [1937.00, 14.20, 30.00], [3651.00, 17.70, 20.00], [2489.00, 15.00, 20.00], [2670.00, 16.00, 30.00], [2595.00, 11.30, 30.00], [2189.00, 18.00, 30.00], [4499.00, 12.50, 10.00], [4354.00,  9.00, 10.00], [1970.00, 17.60, 30.00], [2901.00, 16.00, 20.00], [4098.00, 14.00, 10.00], [2957.00, 17.00, 20.00], [1875.00, 16.40, 40.00], [4657.00, 13.50, 10.00], [2725.00, 12.60, 20.00], [2600.00, 12.80, 20.00], [3070.00, 16.70, 20.00], [3329.00, 15.50, 20.00], [2125.00, 14.70, 40.00], [3620.00, 18.70, 20.00], [2070.00, 18.60, 40.00], [1963.00, 15.50, 30.00], [2395.00, 16.00, 20.00], [3785.00, 19.00, 20.00], [3781.00, 17.00, 20.00], [2868.00, 15.50, 20.00], [1965.00, 15.70, 30.00], [1834.00, 19.00, 30.00], [2335.00, 23.70, 40.00], [2265.00, 15.50, 30.00], [2865.00, 16.40, 20.00], [2451.00, 16.50, 30.00], [2288.00, 17.00, 30.00], [2984.00, 14.50, 20.00], [3282.00, 15.00, 20.00], [4376.00, 15.00, 10.00], [2950.00, 17.30, 30.00], [2003.00, 19.00, 30.00], [2525.00, 16.00, 30.00]]
2. top50 [[1975.00, 19.40, 40.00], [1975.00, 15.20, 30.00], [2800.00, 14.40, 30.00], [2135.00, 16.60, 30.00], [4457.00, 13.50, 10.00], [2635.00, 18.30, 30.00], [4732.00, 18.50, 10.00], [2045.00, 18.50, 30.00], [2074.00, 19.50, 30.00], [2434.00, 15.00, 40.00], [2665.00, 13.90, 30.00], [2933.00, 14.50, 20.00], [2635.00, 16.40, 30.00], [3158.00, 19.50, 20.00], [4502.00, 13.50, 10.00], [2310.00, 18.50, 20.00], [2575.00, 16.20, 30.00], [3205.00, 11.20, 20.00], [3563.00, 10.00, 20.00], [3535.00, 19.20, 20.00], [2046.00, 19.00, 30.00], [2489.00, 15.00, 20.00], [2019.00, 16.40, 40.00], [3645.00, 16.20, 20.00], [3672.00, 11.50, 10.00], [4215.00, 13.00, 20.00], [2278.00, 15.50, 20.00], [4154.00, 13.50, 10.00], [2200.00, 13.20, 30.00], [2395.00, 18.00, 30.00], [3140.00, 13.60, 20.00], [2930.00, 15.50, 20.00], [2451.00, 16.50, 30.00], [2556.00, 13.20, 30.00], [4498.00, 14.50, 20.00], [3664.00, 11.00, 10.00], [2511.00, 18.00, 20.00], [2634.00, 13.00, 20.00], [3630.00, 17.70, 20.00], [2279.00, 19.00, 20.00], [2205.00, 14.50, 40.00], [1867.00, 19.50, 30.00], [2930.00, 13.80, 20.00], [2585.00, 14.50, 30.00], [2050.00, 17.30, 40.00], [3820.00, 16.70, 20.00], [2774.00, 15.50, 20.00], [3432.00, 21.00, 20.00], [2910.00, 11.40, 30.00], [2790.00, 15.60, 30.00]]
2. top50 [[2545.00, 17.00, 20.00], [2720.00, 19.40, 30.00], [4257.00, 15.50, 10.00], [1800.00, 14.40, 40.00], [2391.00, 15.50, 30.00], [3211.00, 17.00, 20.00], [3870.00, 15.00, 10.00], [3761.00,  9.50, 20.00], [2164.00, 15.00, 30.00], [2020.00, 19.20, 30.00], [2050.00, 17.30, 40.00], [2694.00, 15.00, 20.00], [1985.00, 19.40, 30.00], [2420.00, 12.50, 20.00], [4135.00, 13.50, 20.00], [2735.00, 18.00, 30.00], [2489.00, 15.00, 20.00], [2065.00, 14.50, 30.00], [4657.00, 13.50, 10.00], [2984.00, 14.50, 20.00], [2408.00, 19.50, 20.00], [3570.00, 12.80, 20.00], [2511.00, 18.00, 20.00], [3880.00, 12.50, 20.00], [2702.00, 13.50, 20.00], [3021.00, 16.50, 20.00], [2300.00, 14.50, 30.00], [2830.00, 15.90, 20.00], [2720.00, 15.40, 30.00], [3535.00, 19.20, 20.00], [3265.00, 18.20, 20.00], [4055.00, 12.00, 10.00], [2945.00, 16.40, 30.00], [1834.00, 19.00, 30.00], [4100.00, 13.00, 10.00], [1937.00, 14.00, 30.00], [2219.00, 16.50, 30.00], [3353.00, 14.50, 20.00], [2300.00, 15.50, 30.00], [2430.00, 14.50, 20.00], [2290.00, 17.00, 30.00], [3302.00, 15.50, 20.00], [2740.00, 16.00, 20.00], [3940.00, 13.00, 20.00], [3840.00, 15.40, 20.00], [3085.00, 17.60, 20.00], [1980.00, 15.30, 40.00], [2380.00, 20.70, 30.00], [3830.00, 15.20, 20.00], [2585.00, 14.50, 30.00]]
2. top50 [[2472.00, 14.00, 20.00], [3693.00, 11.50, 20.00], [2219.00, 16.50, 30.00], [3381.00, 18.70, 20.00], [2700.00, 12.90, 30.00], [3003.00, 20.10, 20.00], [2150.00, 14.90, 30.00], [4746.00, 12.00, 10.00], [3210.00, 17.20, 20.00], [3012.00, 17.60, 20.00], [4499.00, 12.50, 10.00], [3353.00, 14.50, 20.00], [3336.00, 17.00, 20.00], [3459.00, 16.00, 20.00], [3410.00, 15.10, 20.00], [2865.00, 16.40, 20.00], [4129.00, 13.00, 10.00], [4154.00, 13.50, 10.00], [3870.00, 15.00, 10.00], [2164.00, 15.00, 30.00], [2702.00, 13.50, 20.00], [2639.00, 17.00, 20.00], [3613.00, 16.50, 20.00], [3021.00, 16.50, 20.00], [3630.00, 17.70, 20.00], [2135.00, 16.60, 30.00], [2330.00, 13.50, 20.00], [4098.00, 14.00, 10.00], [2120.00, 15.50, 30.00], [4312.00,  8.50, 10.00], [2489.00, 15.00, 20.00], [4060.00, 19.00, 20.00], [2310.00, 18.50, 20.00], [1975.00, 19.40, 40.00], [2020.00, 19.20, 30.00], [3735.00, 13.20, 20.00], [2565.00, 13.60, 30.00], [3504.00, 12.00, 20.00], [3449.00, 10.50, 20.00], [4135.00, 13.50, 20.00], [1990.00, 14.90, 30.00], [2420.00, 12.50, 20.00], [3282.00, 15.00, 20.00], [3140.00, 13.60, 20.00], [4055.00, 12.00, 10.00], [2592.00, 18.50, 20.00], [2200.00, 13.20, 30.00], [2720.00, 15.40, 30.00], [3725.00, 13.40, 20.00], [2984.00, 14.50, 20.00]]
2. top50 [[3410.00, 15.10, 20.00], [4237.00, 14.50, 10.00], [2634.00, 13.00, 20.00], [2255.00, 17.70, 30.00], [1836.00, 21.00, 30.00], [4380.00, 12.10, 20.00], [4633.00, 11.00, 10.00], [2639.00, 17.00, 20.00], [2542.00, 17.00, 30.00], [3785.00, 19.00, 20.00], [2600.00, 12.80, 20.00], [1835.00, 17.30, 40.00], [3140.00, 13.60, 20.00], [2740.00, 16.00, 20.00], [2979.00, 19.50, 20.00], [2702.00, 13.50, 20.00], [3420.00, 22.20, 20.00], [3035.00, 20.50, 20.00], [4425.00, 10.00, 10.00], [1980.00, 15.30, 40.00], [4209.00, 12.00, 10.00], [2678.00, 16.50, 30.00], [4215.00, 13.00, 20.00], [3139.00, 14.50, 20.00], [2800.00, 14.40, 30.00], [5140.00, 12.00, 10.00], [3410.00, 15.80, 20.00], [3003.00, 20.10, 20.00], [2019.00, 16.40, 40.00], [1985.00, 16.00, 30.00], [3190.00, 24.80, 30.00], [4220.00, 11.10, 20.00], [2310.00, 18.50, 20.00], [2391.00, 15.50, 30.00], [2572.00, 14.90, 30.00], [2560.00, 14.20, 30.00], [4746.00, 12.00, 10.00], [1937.00, 14.20, 30.00], [3955.00, 13.20, 20.00], [3821.00, 11.00, 10.00], [2984.00, 14.50, 20.00], [2110.00, 17.90, 50.00], [4422.00, 12.50, 10.00], [1995.00, 16.20, 40.00], [2065.00, 17.80, 30.00], [2648.00, 15.00, 20.00], [1950.00, 19.00, 30.00], [2220.00, 16.90, 30.00], [3353.00, 14.50, 20.00], [2430.00, 14.50, 20.00]]

3. most  [2130.00, 24.60, 40.00]
3. most  [2130.00, 24.60, 40.00]
3. most  [2130.00, 24.60, 40.00]
3. most  [2130.00, 24.60, 40.00]
3. most  [2130.00, 24.60, 40.00]
3. most  [2130.00, 24.60, 40.00]
3. most  [2130.00, 24.60, 40.00]
3. most  [2130.00, 24.60, 40.00]
3. most  [2130.00, 24.60, 40.00]
3. most  [2130.00, 24.60, 40.00]
3. most  [2130.00, 24.60, 40.00]
3. most  [2130.00, 24.60, 40.00]
3. most  [2130.00, 24.60, 40.00]
3. most  [2130.00, 24.60, 40.00]
3. most  [2130.00, 24.60, 40.00]
3. most  [2130.00, 24.60, 40.00]
3. most  [2130.00, 24.60, 40.00]
3. most  [2130.00, 24.60, 40.00]
3. most  [2130.00, 24.60, 40.00]
3. most  [2130.00, 24.60, 40.00]

4. rand  [3155.20, 14.24, 16.00]
4. rand  [2816.40, 17.20, 28.00]
4. rand  [3002.60, 15.38, 24.00]
4. rand  [2857.00, 17.52, 22.00]
4. rand  [3305.60, 16.58, 20.00]
4. rand  [2920.00, 15.82, 24.00]
4. rand  [3124.00, 15.04, 26.00]
4. rand  [3278.20, 14.82, 24.00]
4. rand  [2879.80, 15.28, 24.00]
4. rand  [2678.60, 13.90, 26.00]
4. rand  [3174.80, 16.30, 20.00]
4. rand  [3389.80, 15.14, 20.00]
4. rand  [2652.20, 13.44, 22.00]
4. rand  [2975.60, 14.46, 24.00]
4. rand  [2601.60, 15.94, 26.00]
4. rand  [3203.40, 16.46, 20.00]
4. rand  [3448.00, 15.38, 20.00]
4. rand  [3472.20, 13.80, 20.00]
4. rand  [2749.00, 15.68, 28.00]
4. rand  [3146.00, 15.22, 26.00]
4. rand  [3806.60, 14.40, 18.00]
4. rand  [2909.40, 15.98, 26.00]
4. rand  [2904.20, 14.24, 26.00]
4. rand  [2423.60, 14.98, 34.00]
4. rand  [3335.00, 16.98, 22.00]
4. rand  [2749.80, 14.50, 28.00]
4. rand  [3099.80, 15.00, 18.00]
4. rand  [2900.20, 16.70, 26.00]
4. rand  [3599.60, 15.34, 18.00]
4. rand  [3254.80, 16.18, 18.00]
4. rand  [3416.00, 13.98, 18.00]
4. rand  [2651.00, 14.10, 28.00]
4. rand  [2968.40, 14.62, 24.00]
4. rand  [2962.40, 15.94, 22.00]
4. rand  [2897.80, 16.86, 24.00]
4. rand  [2321.80, 16.52, 28.00]
4. rand  [3270.20, 14.30, 22.00]
4. rand  [2615.20, 17.72, 24.00]
4. rand  [3097.20, 15.32, 22.00]
4. rand  [2858.00, 15.36, 26.00]
4. rand  [2773.80, 16.06, 26.00]
4. rand  [2771.40, 16.02, 22.00]
4. rand  [2616.20, 15.50, 28.00]
4. rand  [3287.00, 17.32, 24.00]
4. rand  [3147.60, 14.50, 24.00]
4. rand  [2388.80, 16.42, 26.00]
4. rand  [3192.20, 16.60, 20.00]
4. rand  [3209.20, 13.82, 24.00]
4. rand  [2578.80, 15.62, 28.00]
4. rand  [3303.40, 14.28, 18.00]
4. rand  [2178.80, 16.88, 32.00]
4. rand  [2657.00, 16.70, 28.00]
4. rand  [2514.80, 14.60, 28.00]
4. rand  [2918.40, 16.76, 28.00]
4. rand  [2543.00, 17.30, 24.00]
4. rand  [3684.20, 13.50, 18.00]
4. rand  [2765.20, 15.72, 28.00]
4. rand  [3343.20, 15.98, 22.00]
4. rand  [3024.20, 16.62, 26.00]
4. rand  [3263.00, 15.64, 20.00]
4. rand  [3241.60, 15.16, 26.00]
4. rand  [3141.60, 15.04, 20.00]
4. rand  [3381.60, 13.94, 16.00]
4. rand  [2703.20, 15.42, 26.00]
4. rand  [2691.00, 15.40, 30.00]
4. rand  [2909.40, 16.56, 24.00]
4. rand  [2546.20, 17.22, 24.00]
4. rand  [3052.20, 17.78, 20.00]
4. rand  [2899.40, 14.84, 24.00]
4. rand  [2817.80, 14.52, 30.00]
4. rand  [2896.80, 14.14, 22.00]
4. rand  [2961.00, 16.54, 26.00]
4. rand  [3594.40, 15.12, 20.00]
4. rand  [2995.00, 14.54, 22.00]
4. rand  [3143.00, 15.46, 24.00]
4. rand  [2259.20, 16.32, 28.00]
4. rand  [2935.00, 16.46, 26.00]
4. rand  [3442.20, 15.12, 20.00]
4. rand  [2677.20, 18.36, 30.00]
4. rand  [2495.40, 15.52, 28.00]
4. rand  [3093.20, 15.74, 20.00]
4. rand  [2844.80, 18.20, 26.00]
4. rand  [2705.20, 17.72, 26.00]
4. rand  [3023.60, 13.86, 28.00]
4. rand  [2859.00, 17.58, 26.00]
4. rand  [2618.00, 16.38, 30.00]
4. rand  [2761.20, 16.48, 24.00]
4. rand  [2305.40, 15.60, 28.00]
4. rand  [3160.60, 13.50, 22.00]
4. rand  [2426.80, 14.50, 24.00]
4. rand  [2711.60, 15.96, 28.00]
4. rand  [3103.40, 14.92, 20.00]
4. rand  [3208.40, 15.10, 24.00]
4. rand  [2883.80, 15.34, 24.00]
4. rand  [2655.20, 15.58, 28.00]
4. rand  [3032.60, 18.04, 20.00]
4. rand  [3141.60, 15.98, 24.00]
4. rand  [2316.00, 17.80, 26.00]
4. rand  [2158.00, 16.14, 32.00]
4. rand  [2794.80, 16.58, 22.00]
4. rand  [2807.60, 16.66, 30.00]
4. rand  [3232.40, 14.22, 22.00]
4. rand  [2393.40, 15.92, 26.00]
4. rand  [2543.00, 15.86, 26.00]
4. rand  [3437.20, 14.30, 20.00]
4. rand  [3020.80, 16.56, 22.00]
4. rand  [3197.00, 15.82, 22.00]
4. rand  [2595.20, 14.30, 26.00]
4. rand  [2867.20, 17.22, 24.00]
4. rand  [2681.80, 13.30, 26.00]
4. rand  [2780.00, 16.20, 22.00]
4. rand  [2952.80, 16.60, 26.00]
4. rand  [3017.20, 17.06, 24.00]
4. rand  [3277.40, 14.54, 20.00]
4. rand  [3204.60, 15.36, 22.00]
4. rand  [2635.00, 18.06, 28.00]
4. rand  [3722.40, 15.12, 18.00]
4. rand  [3055.20, 15.46, 20.00]
4. rand  [2495.60, 15.02, 28.00]
4. rand  [3428.20, 14.68, 16.00]
4. rand  [2740.40, 15.48, 26.00]
4. rand  [2950.80, 14.62, 26.00]
4. rand  [3742.20, 15.42, 24.00]
4. rand  [3302.20, 13.52, 22.00]
4. rand  [2770.60, 14.20, 24.00]
4. rand  [2517.20, 16.02, 30.00]
4. rand  [3054.40, 14.98, 26.00]
4. rand  [2927.80, 15.34, 26.00]
4. rand  [3166.40, 16.24, 18.00]
4. rand  [3480.60, 14.84, 20.00]
4. rand  [3341.00, 14.40, 20.00]
4. rand  [3327.60, 14.06, 20.00]
4. rand  [2781.40, 15.26, 24.00]
4. rand  [3179.60, 17.30, 24.00]
4. rand  [2235.60, 14.40, 28.00]
4. rand  [3308.40, 14.96, 22.00]
4. rand  [2854.80, 15.68, 22.00]
4. rand  [3632.60, 15.06, 20.00]
4. rand  [2740.60, 16.64, 22.00]
4. rand  [2338.20, 15.16, 30.00]
4. rand  [3295.60, 14.58, 20.00]
4. rand  [3030.60, 14.18, 24.00]
4. rand  [2581.80, 16.68, 28.00]
4. rand  [2825.40, 15.52, 28.00]
4. rand  [2751.60, 16.36, 24.00]
4. rand  [3052.40, 14.88, 22.00]
4. rand  [2664.40, 15.46, 26.00]
4. rand  [2452.60, 18.42, 28.00]
4. rand  [2514.20, 16.66, 26.00]
4. rand  [2931.00, 16.48, 24.00]
4. rand  [3241.40, 14.12, 18.00]
4. rand  [2767.00, 15.36, 28.00]
4. rand  [2829.40, 17.66, 30.00]
4. rand  [3304.80, 14.66, 14.00]
4. rand  [2690.80, 14.78, 24.00]
4. rand  [2741.40, 15.08, 26.00]
4. rand  [3020.00, 15.08, 26.00]
4. rand  [3125.00, 18.16, 26.00]
4. rand  [2800.80, 15.56, 28.00]
4. rand  [3190.60, 14.48, 18.00]
4. rand  [2718.60, 16.30, 24.00]
4. rand  [2659.80, 15.86, 24.00]
4. rand  [3634.00, 13.56, 20.00]
4. rand  [3358.40, 14.92, 20.00]
4. rand  [3218.40, 17.34, 20.00]
4. rand  [2553.80, 16.28, 22.00]
4. rand  [3047.60, 14.56, 22.00]
4. rand  [2939.00, 16.32, 20.00]
4. rand  [3491.00, 13.22, 18.00]
4. rand  [2318.60, 15.96, 30.00]
4. rand  [3124.80, 15.42, 20.00]
4. rand  [2228.00, 16.78, 30.00]
4. rand  [2914.00, 15.70, 22.00]
4. rand  [3300.80, 14.10, 20.00]
4. rand  [2110.00, 15.52, 36.00]
4. rand  [3603.20, 13.80, 20.00]
4. rand  [2797.40, 17.74, 28.00]
4. rand  [2464.80, 15.56, 28.00]
4. rand  [2801.80, 16.04, 22.00]
4. rand  [3399.20, 13.10, 20.00]
4. rand  [2967.40, 14.82, 26.00]
4. rand  [2277.80, 17.18, 34.00]
4. rand  [2710.40, 16.72, 24.00]
4. rand  [2021.60, 15.48, 34.00]
4. rand  [3184.60, 15.06, 20.00]
4. rand  [3103.40, 17.28, 24.00]
4. rand  [2515.20, 17.56, 24.00]
4. rand  [3436.20, 13.80, 20.00]
4. rand  [2705.20, 15.96, 22.00]
4. rand  [3098.80, 16.42, 26.00]
4. rand  [3199.60, 15.92, 22.00]
4. rand  [2839.20, 15.12, 24.00]
4. rand  [2987.20, 13.86, 24.00]
4. rand  [3167.00, 16.66, 22.00]
4. rand  [2695.40, 14.84, 24.00]
4. rand  [2639.80, 16.14, 22.00]
4. rand  [3592.40, 14.98, 18.00]
4. rand  [3219.80, 15.82, 26.00]
4. rand  [3603.60, 14.68, 20.00]
4. rand  [2559.00, 16.32, 26.00]

5. mid   [2964.33, 15.58, 23.83]
5. mid   [2448.39, 16.68, 32.50]
5. mid   [2448.39, 16.68, 32.50]
5. mid   [2448.39, 16.68, 32.50]
5. mid   [2448.39, 16.68, 32.50]
5. mid   [2420.11, 16.48, 28.52]
5. mid   [2436.69, 16.62, 31.98]
5. mid   [2461.35, 16.60, 31.67]
5. mid   [2461.35, 16.60, 31.67]
5. mid   [2377.93, 16.57, 30.00]
5. mid   [2305.09, 16.59, 29.65]
5. mid   [2305.09, 16.59, 29.65]
5. mid   [2303.89, 16.58, 29.65]
5. mid   [2303.89, 16.58, 29.65]
5. mid   [2303.89, 16.58, 29.65]
5. mid   [2304.60, 16.59, 29.64]
5. mid   [2303.02, 16.60, 29.64]
5. mid   [2303.02, 16.60, 29.64]
5. mid   [2303.52, 16.61, 29.59]
5. mid   [2303.52, 16.61, 29.59]
5. mid   [2954.36, 15.61, 23.99]
5. mid   [2570.15, 16.48, 26.94]
5. mid   [2571.58, 16.49, 26.93]
5. mid   [2570.44, 16.49, 26.95]
5. mid   [2570.44, 16.49, 26.95]
5. mid   [2570.12, 16.50, 26.94]
5. mid   [2392.90, 16.47, 28.58]
5. mid   [2366.76, 16.45, 28.89]
5. mid   [2305.32, 16.63, 29.50]
5. mid   [2305.32, 16.63, 29.50]
5. mid   [2971.25, 15.57, 23.89]
5. mid   [2953.23, 15.76, 22.83]
5. mid   [3377.86, 15.11, 21.33]
5. mid   [2552.53, 16.45, 29.04]
5. mid   [2303.47, 16.60, 29.55]
5. mid   [2303.51, 16.63, 29.55]
5. mid   [2303.51, 16.63, 29.55]
5. mid   [2303.53, 16.63, 29.55]
5. mid   [2303.53, 16.63, 29.55]
5. mid   [2303.65, 16.62, 29.59]
5. mid   [2964.40, 15.60, 23.93]
5. mid   [2928.83, 15.67, 24.25]
5. mid   [2571.88, 16.50, 26.98]
5. mid   [2311.64, 16.64, 29.45]
5. mid   [2312.59, 16.65, 29.45]
5. mid   [2312.59, 16.65, 29.45]
5. mid   [2313.14, 16.66, 29.45]
5. mid   [2313.23, 16.68, 29.44]
5. mid   [2310.23, 16.70, 29.44]
5. mid   [2310.23, 16.70, 29.44]
5. mid   [2969.82, 15.59, 23.89]
5. mid   [2910.40, 15.40, 24.63]
5. mid   [2273.75, 16.46, 25.36]
5. mid   [2306.82, 16.61, 29.60]
5. mid   [2306.82, 16.61, 29.60]
5. mid   [2307.28, 16.61, 29.60]
5. mid   [2307.31, 16.62, 29.60]
5. mid   [2307.38, 16.65, 29.59]
5. mid   [2304.40, 16.65, 29.64]
5. mid   [2304.40, 16.65, 29.64]
5. mid   [2967.65, 15.59, 23.93]
5. mid   [2572.13, 16.48, 26.95]
5. mid   [2572.97, 16.49, 26.98]
5. mid   [2703.67, 16.34, 26.41]
5. mid   [2745.29, 16.24, 26.21]
5. mid   [2714.01, 16.25, 26.35]
5. mid   [2508.23, 16.50, 27.60]
5. mid   [2460.45, 16.47, 28.03]
5. mid   [2455.89, 16.46, 28.18]
5. mid   [2405.05, 16.48, 28.66]
5. mid   [2313.05, 16.59, 29.45]
5. mid   [2313.05, 16.59, 29.45]
5. mid   [2314.78, 16.58, 29.40]
5. mid   [2314.40, 16.59, 29.39]
5. mid   [2317.96, 16.58, 29.34]
5. mid   [2318.46, 16.58, 29.34]
5. mid   [2318.46, 16.58, 29.34]
5. mid   [2313.78, 16.56, 29.33]
5. mid   [2315.07, 16.55, 29.33]
5. mid   [2316.13, 16.55, 29.22]
5. mid   [2955.66, 15.58, 23.95]
5. mid   [2566.02, 16.47, 26.95]
5. mid   [2453.09, 16.40, 29.08]
5. mid   [2436.66, 16.34, 29.71]
5. mid   [2426.31, 16.38, 29.21]
5. mid   [2437.21, 16.33, 29.54]
5. mid   [2394.61, 16.32, 30.25]
5. mid   [2367.98, 16.33, 30.24]
5. mid   [2367.66, 16.39, 30.61]
5. mid   [2362.68, 16.57, 32.30]
5. mid   [2970.11, 15.58, 23.83]
5. mid   [2970.11, 15.58, 23.83]
5. mid   [2310.50, 16.62, 29.45]
5. mid   [2310.45, 16.62, 29.45]
5. mid   [2310.45, 16.62, 29.45]
5. mid   [2308.52, 16.63, 29.49]
5. mid   [2308.52, 16.63, 29.49]
5. mid   [2308.52, 16.63, 29.49]
5. mid   [2308.52, 16.63, 29.49]
5. mid   [2308.52, 16.63, 29.49]
5. mid   [2972.56, 15.54, 23.78]
5. mid   [2686.38, 16.21, 26.41]
5. mid   [2212.21, 16.55, 30.06]
5. mid   [2213.76, 16.55, 30.06]
5. mid   [2213.76, 16.55, 30.06]
5. mid   [2204.40, 16.53, 30.13]
5. mid   [2204.69, 16.55, 30.07]
5. mid   [2228.50, 16.39, 29.94]
5. mid   [2228.50, 16.39, 29.94]
5. mid   [2228.50, 16.39, 29.94]
5. mid   [2957.96, 15.60, 23.94]
5. mid   [2310.14, 16.59, 29.50]
5. mid   [2311.07, 16.60, 29.50]
5. mid   [2311.07, 16.60, 29.50]
5. mid   [2311.07, 16.60, 29.50]
5. mid   [2312.81, 16.61, 29.50]
5. mid   [2313.06, 16.61, 29.49]
5. mid   [2313.06, 16.61, 29.49]
5. mid   [2312.87, 16.61, 29.49]
5. mid   [2312.87, 16.61, 29.49]
5. mid   [2962.26, 15.59, 23.96]
5. mid   [2310.43, 16.62, 29.55]
5. mid   [2310.43, 16.62, 29.55]
5. mid   [2310.43, 16.62, 29.55]
5. mid   [2310.43, 16.62, 29.55]
5. mid   [2310.65, 16.61, 29.55]
5. mid   [2310.25, 16.62, 29.55]
5. mid   [2311.97, 16.61, 29.54]
5. mid   [2311.97, 16.61, 29.54]
5. mid   [2309.15, 16.62, 29.59]
5. mid   [2310.99, 16.63, 29.40]
5. mid   [2310.99, 16.63, 29.40]
5. mid   [2312.67, 16.63, 29.40]
5. mid   [2312.67, 16.63, 29.40]
5. mid   [2312.26, 16.64, 29.44]
5. mid   [2312.26, 16.64, 29.44]
5. mid   [2279.62, 16.64, 29.62]
5. mid   [2311.95, 16.63, 29.39]
5. mid   [2314.34, 16.63, 29.38]
5. mid   [2314.34, 16.63, 29.38]
5. mid   [2309.43, 16.63, 29.45]
5. mid   [2309.43, 16.63, 29.45]
5. mid   [2309.43, 16.63, 29.45]
5. mid   [2309.88, 16.62, 29.45]
5. mid   [2309.88, 16.62, 29.45]
5. mid   [2311.08, 16.61, 29.44]
5. mid   [2311.08, 16.61, 29.44]
5. mid   [2311.08, 16.61, 29.44]
5. mid   [2309.13, 16.62, 29.49]
5. mid   [2309.13, 16.62, 29.49]
5. mid   [2968.42, 15.55, 23.83]
5. mid   [2574.79, 16.48, 26.91]
5. mid   [2313.41, 16.59, 29.50]
5. mid   [2316.01, 16.58, 29.50]
5. mid   [2317.25, 16.57, 29.44]
5. mid   [2317.25, 16.57, 29.44]
5. mid   [2317.25, 16.57, 29.44]
5. mid   [2317.25, 16.57, 29.44]
5. mid   [2317.90, 16.56, 29.44]
5. mid   [2318.51, 16.58, 29.44]
5. mid   [2961.39, 15.57, 23.90]
5. mid   [2308.96, 16.60, 29.50]
5. mid   [2306.83, 16.60, 29.50]
5. mid   [2308.60, 16.58, 29.50]
5. mid   [2308.60, 16.58, 29.50]
5. mid   [2308.60, 16.58, 29.50]
5. mid   [2308.60, 16.58, 29.50]
5. mid   [2308.60, 16.58, 29.50]
5. mid   [2308.97, 16.60, 29.49]
5. mid   [2306.13, 16.59, 29.49]
5. mid   [2964.21, 15.59, 23.91]
5. mid   [2961.71, 15.54, 24.00]
5. mid   [2563.72, 16.04, 27.07]
5. mid   [2397.15, 16.43, 28.64]
5. mid   [2308.25, 16.60, 29.45]
5. mid   [2396.88, 16.43, 28.63]
5. mid   [2308.74, 16.61, 29.45]
5. mid   [2311.12, 16.59, 29.45]
5. mid   [2311.12, 16.59, 29.45]
5. mid   [2310.64, 16.60, 29.49]
5. mid   [2965.91, 15.58, 23.87]
5. mid   [2310.64, 16.62, 29.40]
5. mid   [2310.64, 16.62, 29.40]
5. mid   [2310.64, 16.62, 29.40]
5. mid   [2308.99, 16.61, 29.40]
5. mid   [2308.66, 16.60, 29.40]
5. mid   [2308.66, 16.60, 29.40]
5. mid   [2309.89, 16.60, 29.39]
5. mid   [2312.25, 16.60, 29.39]
5. mid   [2312.25, 16.60, 29.39]
5. mid   [2962.72, 15.61, 23.88]
5. mid   [2911.25, 15.70, 24.26]
5. mid   [2565.78, 16.52, 26.98]
5. mid   [2565.78, 16.52, 26.98]
5. mid   [2560.65, 16.52, 27.02]
5. mid   [2523.46, 16.56, 27.47]
5. mid   [2530.12, 16.56, 27.42]
5. mid   [2409.47, 16.46, 28.55]
5. mid   [2380.32, 16.45, 28.85]
5. mid   [2308.75, 16.62, 29.45]

6. top   [3015.00, 17.00, 40.00]
6. top   [3015.00, 17.00, 40.00]
6. top   [3015.00, 17.00, 40.00]
6. top   [3015.00, 17.00, 40.00]
6. top   [3015.00, 17.00, 40.00]
6. top   [3015.00, 17.00, 40.00]
6. top   [3015.00, 17.00, 40.00]
6. top   [3015.00, 17.00, 40.00]
6. top   [3015.00, 17.00, 40.00]
6. top   [3015.00, 17.00, 40.00]
6. top   [1795.00, 17.50, 30.00]
6. top   [1795.00, 17.50, 30.00]
6. top   [1795.00, 17.50, 30.00]
6. top   [1795.00, 17.50, 30.00]
6. top   [1795.00, 17.50, 30.00]
6. top   [1795.00, 17.50, 30.00]
6. top   [1795.00, 17.50, 30.00]
6. top   [1795.00, 17.50, 30.00]
6. top   [1795.00, 17.50, 30.00]
6. top   [1795.00, 17.50, 30.00]
6. top   [2790.00, 15.60, 30.00]
6. top   [2790.00, 15.60, 30.00]
6. top   [2150.00, 14.90, 30.00]
6. top   [2150.00, 14.90, 30.00]
6. top   [2150.00, 14.90, 30.00]
6. top   [2150.00, 14.90, 30.00]
6. top   [2150.00, 14.90, 30.00]
6. top   [2150.00, 14.90, 30.00]
6. top   [2188.00, 15.80, 30.00]
6. top   [2188.00, 15.80, 30.00]
6. top   [2855.00, 17.60, 20.00]
6. top   [2855.00, 17.60, 20.00]
6. top   [2125.00, 17.30, 40.00]
6. top   [2125.00, 17.30, 40.00]
6. top   [2125.00, 17.30, 40.00]
6. top   [2125.00, 17.30, 40.00]
6. top   [2125.00, 17.30, 40.00]
6. top   [2125.00, 17.30, 40.00]
6. top   [2125.00, 17.30, 40.00]
6. top   [2125.00, 17.30, 40.00]
6. top   [2188.00, 15.80, 30.00]
6. top   [2188.00, 15.80, 30.00]
6. top   [2188.00, 15.80, 30.00]
6. top   [2205.00, 14.50, 40.00]
6. top   [2205.00, 14.50, 40.00]
6. top   [2205.00, 14.50, 40.00]
6. top   [2205.00, 14.50, 40.00]
6. top   [2205.00, 14.50, 40.00]
6. top   [1980.00, 15.30, 40.00]
6. top   [1980.00, 15.30, 40.00]
6. top   [3102.00, 16.50, 20.00]
6. top   [2300.00, 14.50, 30.00]
6. top   [2300.00, 14.50, 30.00]
6. top   [2100.00, 16.50, 30.00]
6. top   [2100.00, 16.50, 30.00]
6. top   [2100.00, 16.50, 30.00]
6. top   [2100.00, 16.50, 30.00]
6. top   [2100.00, 16.50, 30.00]
6. top   [2100.00, 16.50, 30.00]
6. top   [2100.00, 16.50, 30.00]
6. top   [2511.00, 18.00, 20.00]
6. top   [2511.00, 18.00, 20.00]
6. top   [2511.00, 18.00, 20.00]
6. top   [2511.00, 18.00, 20.00]
6. top   [2511.00, 18.00, 20.00]
6. top   [2300.00, 14.70, 30.00]
6. top   [2300.00, 14.70, 30.00]
6. top   [2300.00, 14.70, 30.00]
6. top   [2300.00, 14.70, 30.00]
6. top   [2300.00, 14.70, 30.00]
6. top   [2074.00, 19.50, 30.00]
6. top   [2074.00, 19.50, 30.00]
6. top   [1968.00, 18.80, 40.00]
6. top   [1968.00, 18.80, 40.00]
6. top   [1968.00, 18.80, 40.00]
6. top   [1968.00, 18.80, 40.00]
6. top   [1968.00, 18.80, 40.00]
6. top   [1968.00, 18.80, 40.00]
6. top   [1968.00, 18.80, 40.00]
6. top   [2110.00, 17.90, 50.00]
6. top   [3530.00, 20.10, 30.00]
6. top   [3530.00, 20.10, 30.00]
6. top   [3015.00, 17.00, 40.00]
6. top   [3015.00, 17.00, 40.00]
6. top   [3015.00, 17.00, 40.00]
6. top   [3015.00, 17.00, 40.00]
6. top   [2110.00, 19.20, 40.00]
6. top   [2110.00, 19.20, 40.00]
6. top   [2110.00, 19.20, 40.00]
6. top   [2110.00, 19.20, 40.00]
6. top   [1968.00, 18.80, 40.00]
6. top   [1968.00, 18.80, 40.00]
6. top   [1968.00, 18.80, 40.00]
6. top   [1968.00, 18.80, 40.00]
6. top   [1968.00, 18.80, 40.00]
6. top   [1968.00, 18.80, 40.00]
6. top   [1968.00, 18.80, 40.00]
6. top   [1968.00, 18.80, 40.00]
6. top   [1968.00, 18.80, 40.00]
6. top   [1968.00, 18.80, 40.00]
6. top   [1800.00, 16.40, 40.00]
6. top   [1800.00, 16.40, 40.00]
6. top   [1975.00, 19.40, 40.00]
6. top   [1975.00, 19.40, 40.00]
6. top   [1975.00, 19.40, 40.00]
6. top   [1975.00, 19.40, 40.00]
6. top   [1975.00, 19.40, 40.00]
6. top   [1975.00, 19.40, 40.00]
6. top   [1975.00, 19.40, 40.00]
6. top   [1975.00, 19.40, 40.00]
6. top   [2625.00, 18.60, 30.00]
6. top   [1795.00, 17.50, 30.00]
6. top   [1795.00, 17.50, 30.00]
6. top   [1795.00, 17.50, 30.00]
6. top   [1795.00, 17.50, 30.00]
6. top   [1795.00, 17.50, 30.00]
6. top   [1795.00, 17.50, 30.00]
6. top   [1795.00, 17.50, 30.00]
6. top   [1795.00, 17.50, 30.00]
6. top   [1795.00, 17.50, 30.00]
6. top   [2130.00, 14.50, 30.00]
6. top   [2120.00, 15.50, 30.00]
6. top   [2120.00, 15.50, 30.00]
6. top   [2120.00, 15.50, 30.00]
6. top   [2120.00, 15.50, 30.00]
6. top   [2265.00, 18.20, 30.00]
6. top   [2265.00, 18.20, 30.00]
6. top   [2265.00, 18.20, 30.00]
6. top   [2265.00, 18.20, 30.00]
6. top   [2265.00, 18.20, 30.00]
6. top   [1965.00, 15.00, 40.00]
6. top   [1965.00, 15.00, 40.00]
6. top   [1965.00, 15.00, 40.00]
6. top   [1965.00, 15.00, 40.00]
6. top   [1965.00, 15.00, 40.00]
6. top   [1965.00, 15.00, 40.00]
6. top   [2050.00, 17.30, 40.00]
6. top   [2050.00, 17.30, 40.00]
6. top   [2050.00, 17.30, 40.00]
6. top   [2050.00, 17.30, 40.00]
6. top   [2050.00, 17.30, 40.00]
6. top   [2050.00, 17.30, 40.00]
6. top   [2050.00, 17.30, 40.00]
6. top   [2050.00, 17.30, 40.00]
6. top   [2050.00, 17.30, 40.00]
6. top   [2050.00, 17.30, 40.00]
6. top   [2050.00, 17.30, 40.00]
6. top   [2050.00, 17.30, 40.00]
6. top   [2050.00, 17.30, 40.00]
6. top   [2050.00, 17.30, 40.00]
6. top   [2110.00, 19.20, 40.00]
6. top   [2110.00, 19.20, 40.00]
6. top   [2110.00, 19.20, 40.00]
6. top   [2110.00, 19.20, 40.00]
6. top   [2110.00, 19.20, 40.00]
6. top   [2110.00, 19.20, 40.00]
6. top   [2110.00, 19.20, 40.00]
6. top   [2110.00, 19.20, 40.00]
6. top   [2110.00, 19.20, 40.00]
6. top   [2110.00, 19.20, 40.00]
6. top   [2350.00, 16.80, 30.00]
6. top   [2350.00, 16.80, 30.00]
6. top   [2735.00, 18.00, 30.00]
6. top   [1955.00, 20.50, 30.00]
6. top   [1955.00, 20.50, 30.00]
6. top   [1955.00, 20.50, 30.00]
6. top   [1955.00, 20.50, 30.00]
6. top   [1955.00, 20.50, 30.00]
6. top   [1955.00, 20.50, 30.00]
6. top   [1955.00, 20.50, 30.00]
6. top   [2075.00, 15.90, 30.00]
6. top   [2075.00, 15.90, 30.00]
6. top   [2075.00, 15.90, 30.00]
6. top   [2075.00, 15.90, 30.00]
6. top   [1875.00, 16.40, 40.00]
6. top   [1875.00, 16.40, 40.00]
6. top   [1875.00, 16.40, 40.00]
6. top   [1836.00, 21.00, 30.00]
6. top   [1836.00, 21.00, 30.00]
6. top   [1836.00, 21.00, 30.00]
6. top   [2125.00, 17.30, 40.00]
6. top   [2125.00, 17.30, 40.00]
6. top   [2125.00, 17.30, 40.00]
6. top   [2125.00, 17.30, 40.00]
6. top   [2125.00, 17.30, 40.00]
6. top   [2125.00, 17.30, 40.00]
6. top   [2125.00, 17.30, 40.00]
6. top   [2125.00, 17.30, 40.00]
6. top   [2125.00, 17.30, 40.00]
6. top   [2125.00, 17.30, 40.00]
6. top   [2556.00, 13.20, 30.00]
6. top   [2556.00, 13.20, 30.00]
6. top   [2556.00, 13.20, 30.00]
6. top   [2556.00, 13.20, 30.00]
6. top   [2556.00, 13.20, 30.00]
6. top   [2110.00, 19.20, 40.00]
6. top   [2110.00, 19.20, 40.00]
6. top   [2110.00, 19.20, 40.00]
6. top   [2110.00, 19.20, 40.00]
6. top   [2110.00, 19.20, 40.00]

✅ PASS gate20_info